2024-10-17 14:24:45,396 - active_inference_forager.managers.rapport_builder - INFO - Extracted features: emotion=anger, sentiment=neutral
2024-10-17 14:24:45,397 - active_inference_forager.managers.rapport_builder - INFO - Chosen action: ask_for_clarification
2024-10-17 14:24:45,397 - active_inference_forager.managers.rapport_builder - INFO - Generating response
2024-10-17 14:24:45,397 - active_inference_forager.managers.rapport_builder - INFO - RapportBuilder: Generating response for action 'ask_for_clarification'
2024-10-17 14:24:47,105 - active_inference_forager.managers.rapport_builder - INFO - Response generated successfully
2024-10-17 14:25:01,515 - active_inference_forager.managers.rapport_builder - INFO - Processing user input: I'm happy
2024-10-17 14:25:01,515 - active_inference_forager.managers.rapport_builder - INFO - Extracting features from user input
2024-10-17 14:25:01,519 - active_inference_forager.managers.rapport_builder - INFO - Detecting emotion
2024-10-17 14:25:01,540 - active_inference_forager.managers.rapport_builder - INFO - Detected emotion: joy
2024-10-17 14:25:01,540 - active_inference_forager.managers.rapport_builder - INFO - Analyzing sentiment
2024-10-17 14:25:01,540 - active_inference_forager.managers.rapport_builder - INFO - Analyzed sentiment: very_positive
2024-10-17 14:25:01,540 - active_inference_forager.managers.rapport_builder - INFO - Extracted features: emotion=joy, sentiment=very_positive
2024-10-17 14:25:01,540 - active_inference_forager.managers.rapport_builder - INFO - Chosen action: ask_for_clarification
2024-10-17 14:25:01,540 - active_inference_forager.managers.rapport_builder - INFO - Generating response
2024-10-17 14:25:01,540 - active_inference_forager.managers.rapport_builder - INFO - RapportBuilder: Generating response for action 'ask_for_clarification'
2024-10-17 14:25:02,563 - active_inference_forager.managers.rapport_builder - INFO - Response generated successfully
2024-10-17 14:25:15,470 - active_inference_forager.managers.rapport_builder - INFO - Processing user input: flowers
2024-10-17 14:25:15,471 - active_inference_forager.managers.rapport_builder - INFO - Extracting features from user input
2024-10-17 14:25:15,478 - active_inference_forager.managers.rapport_builder - INFO - Detecting emotion
2024-10-17 14:25:15,502 - active_inference_forager.managers.rapport_builder - INFO - Detected emotion: anger
2024-10-17 14:25:15,502 - active_inference_forager.managers.rapport_builder - INFO - Analyzing sentiment
2024-10-17 14:25:15,503 - active_inference_forager.managers.rapport_builder - INFO - Analyzed sentiment: neutral
2024-10-17 14:25:15,503 - active_inference_forager.managers.rapport_builder - INFO - Extracted features: emotion=anger, sentiment=neutral
2024-10-17 14:25:15,503 - active_inference_forager.managers.rapport_builder - INFO - Chosen action: ask_for_clarification
2024-10-17 14:25:15,503 - active_inference_forager.managers.rapport_builder - INFO - Generating response
2024-10-17 14:25:15,503 - active_inference_forager.managers.rapport_builder - INFO - RapportBuilder: Generating response for action 'ask_for_clarification'
2024-10-17 14:25:17,311 - active_inference_forager.managers.rapport_builder - INFO - Response generated successfully
2024-10-17 14:25:23,426 - active_inference_forager.managers.rapport_builder - INFO - Processing user input: fl;owers are great
2024-10-17 14:25:23,427 - active_inference_forager.managers.rapport_builder - INFO - Extracting features from user input
2024-10-17 14:25:23,436 - active_inference_forager.managers.rapport_builder - INFO - Detecting emotion
2024-10-17 14:25:23,459 - active_inference_forager.managers.rapport_builder - INFO - Detected emotion: joy
2024-10-17 14:25:23,459 - active_inference_forager.managers.rapport_builder - INFO - Analyzing sentiment
2024-10-17 14:25:23,459 - active_inference_forager.managers.rapport_builder - INFO - Analyzed sentiment: very_positive
2024-10-17 14:25:23,459 - active_inference_forager.managers.rapport_builder - INFO - Extracted features: emotion=joy, sentiment=very_positive
2024-10-17 14:25:23,459 - active_inference_forager.managers.rapport_builder - INFO - Chosen action: ask_for_clarification
2024-10-17 14:25:23,459 - active_inference_forager.managers.rapport_builder - INFO - Generating response
2024-10-17 14:25:23,459 - active_inference_forager.managers.rapport_builder - INFO - RapportBuilder: Generating response for action 'ask_for_clarification'
2024-10-17 14:25:25,091 - active_inference_forager.managers.rapport_builder - INFO - Response generated successfully
